Build started 3/11/2015 3:12:22 PM.
     1>Project "C:\Users\jon\Documents\GitHub\biomed\fltk\bin\hello.vcxproj" on node 2 (build target(s)).
     1>InitializeBuildStatus:
         Creating "hello.dir\Debug\hello.unsuccessfulbuild" because "AlwaysCreate" was specified.
       CustomBuild:
         Building Custom Rule C:/Users/jon/Documents/GitHub/biomed/fltk/src/CMakeLists.txt
         CMake does not need to re-run because C:\Users\jon\Documents\GitHub\biomed\fltk\bin\CMakeFiles\generate.stamp is up-to-date.
       ClCompile:
         C:\Program Files\Microsoft Visual Studio 10.0\VC\bin\CL.exe /c /Zi /nologo /W3 /WX- /Od /Ob0 /Oy- /D WIN32 /D _WINDOWS /D _DEBUG /D "CMAKE_INTDIR=\"Debug\"" /D _MBCS /Gm- /EHsc /RTC1 /MDd /GS /fp:precise /Zc:wchar_t /Zc:forScope /GR /Fo"hello.dir\Debug\\" /Fd"hello.dir\Debug\vc100.pdb" /Gd /TP /analyze- /errorReport:prompt ..\src\hello.cxx
         hello.cxx
       ManifestResourceCompile:
         C:\Program Files\Microsoft SDKs\Windows\v7.0A\bin\rc.exe /nologo /fo"hello.dir\Debug\hello.exe.embed.manifest.res" hello.dir\Debug\hello_manifest.rc 
       Link:
         C:\Program Files\Microsoft Visual Studio 10.0\VC\bin\link.exe /ERRORREPORT:PROMPT /OUT:"C:\Users\jon\Documents\GitHub\biomed\fltk\bin\Debug\hello.exe" /INCREMENTAL /NOLOGO kernel32.lib user32.lib gdi32.lib winspool.lib shell32.lib ole32.lib oleaut32.lib uuid.lib comdlg32.lib advapi32.lib C:\fltk\bin\lib\Debug\fltk_imagesd.lib C:\fltk\bin\lib\Debug\fltk_formsd.lib C:\fltk\bin\lib\Debug\fltk_gld.lib opengl32.lib C:\fltk\bin\lib\Debug\fltkd.lib wsock32.lib comctl32.lib C:\fltk\bin\lib\Debug\fltk_pngd.lib C:\fltk\bin\lib\Debug\fltk_jpegd.lib C:\fltk\bin\lib\Debug\fltk_zd.lib glu32.lib opengl32.lib /MANIFEST /ManifestFile:"hello.dir\Debug\hello.exe.intermediate.manifest" /MANIFESTUAC:"level='asInvoker' uiAccess='false'" /DEBUG /PDB:"C:/Users/jon/Documents/GitHub/biomed/fltk/bin/Debug/hello.pdb" /SUBSYSTEM:CONSOLE /TLBID:1 /DYNAMICBASE /NXCOMPAT /IMPLIB:"C:/Users/jon/Documents/GitHub/biomed/fltk/bin/Debug/hello.lib" /MACHINE:X86 hello.dir\Debug\hello.exe.embed.manifest.res
         hello.dir\Debug\hello.obj  /machine:X86 /debug 
       Manifest:
         C:\Program Files\Microsoft SDKs\Windows\v7.0A\bin\mt.exe /nologo /verbose /out:"hello.dir\Debug\hello.exe.embed.manifest" /manifest hello.dir\Debug\hello.exe.intermediate.manifest
         C:\Program Files\Microsoft SDKs\Windows\v7.0A\bin\rc.exe /nologo /fo"hello.dir\Debug\hello.exe.embed.manifest.res" hello.dir\Debug\hello_manifest.rc 
       LinkEmbedManifest:
         C:\Program Files\Microsoft Visual Studio 10.0\VC\bin\link.exe /ERRORREPORT:PROMPT /OUT:"C:\Users\jon\Documents\GitHub\biomed\fltk\bin\Debug\hello.exe" /INCREMENTAL /NOLOGO kernel32.lib user32.lib gdi32.lib winspool.lib shell32.lib ole32.lib oleaut32.lib uuid.lib comdlg32.lib advapi32.lib C:\fltk\bin\lib\Debug\fltk_imagesd.lib C:\fltk\bin\lib\Debug\fltk_formsd.lib C:\fltk\bin\lib\Debug\fltk_gld.lib opengl32.lib C:\fltk\bin\lib\Debug\fltkd.lib wsock32.lib comctl32.lib C:\fltk\bin\lib\Debug\fltk_pngd.lib C:\fltk\bin\lib\Debug\fltk_jpegd.lib C:\fltk\bin\lib\Debug\fltk_zd.lib glu32.lib opengl32.lib /MANIFEST /ManifestFile:"hello.dir\Debug\hello.exe.intermediate.manifest" /MANIFESTUAC:"level='asInvoker' uiAccess='false'" /DEBUG /PDB:"C:/Users/jon/Documents/GitHub/biomed/fltk/bin/Debug/hello.pdb" /SUBSYSTEM:CONSOLE /TLBID:1 /DYNAMICBASE /NXCOMPAT /IMPLIB:"C:/Users/jon/Documents/GitHub/biomed/fltk/bin/Debug/hello.lib" /MACHINE:X86 hello.dir\Debug\hello.exe.embed.manifest.res
         hello.dir\Debug\hello.obj  /machine:X86 /debug 
         hello.vcxproj -> C:\Users\jon\Documents\GitHub\biomed\fltk\bin\Debug\hello.exe
       FinalizeBuildStatus:
         Deleting file "hello.dir\Debug\hello.unsuccessfulbuild".
         Touching "hello.dir\Debug\hello.lastbuildstate".
     1>Done Building Project "C:\Users\jon\Documents\GitHub\biomed\fltk\bin\hello.vcxproj" (build target(s)).

Build succeeded.

Time Elapsed 00:00:02.38
